<?xml version="1.0" encoding="UTF-8"?>
<!-- Generated by org.testng.reporters.JUnitReportReporter -->
<testsuite hostname="APL-1GMXB63" failures="0" tests="3" name="Assignement_FaceBookDropDown.FB_DropDown" time="13.699" errors="0" timestamp="2023-05-21T22:22:41 IST" skipped="0">
  <testcase classname="Assignement_FaceBookDropDown.FB_DropDown" name="FBLaunch" time="7.182"/>
  <system-out/>
  <testcase classname="Assignement_FaceBookDropDown.FB_DropDown" name="verifyTitle" time="0.020"/>
  <system-out/>
  <testcase classname="Assignement_FaceBookDropDown.FB_DropDown" name="printDropdown" time="6.497"/>
  <system-out/>
</testsuite> <!-- Assignement_FaceBookDropDown.FB_DropDown -->
