<?xml version="1.0" encoding="UTF-8"?>
<!-- Generated by org.testng.reporters.JUnitReportReporter -->
<testsuite hostname="APL-1GMXB63" failures="0" tests="1" name="CheckBox_Selenium.TestCheckBoxes" time="3.371" errors="0" timestamp="2023-05-22T09:25:32 IST" skipped="0">
  <testcase classname="CheckBox_Selenium.TestCheckBoxes" name="FBLaunch" time="3.371"/>
  <system-out/>
</testsuite> <!-- CheckBox_Selenium.TestCheckBoxes -->
