<?xml version="1.0" encoding="UTF-8"?>
<!-- Generated by org.testng.reporters.JUnitReportReporter -->
<testsuite hostname="APL-1GMXB63" failures="0" tests="2" name="Assignment_DropDown.DropDown_Box" time="67.236" errors="0" timestamp="2023-05-21T21:54:04 IST" skipped="0">
  <testcase classname="Assignment_DropDown.DropDown_Box" name="verifyTitle" time="0.032"/>
  <system-out/>
  <testcase classname="Assignment_DropDown.DropDown_Box" name="FBLaunch" time="67.204"/>
  <system-out/>
</testsuite> <!-- Assignment_DropDown.DropDown_Box -->
