<?xml version="1.0" encoding="UTF-8"?>
<!-- Generated by org.testng.reporters.JUnitReportReporter -->
<testsuite hostname="APL-1GMXB63" failures="0" tests="1" name="Assignment_RadioButton.radioBtn" time="22.178" errors="0" timestamp="2023-05-22T10:18:08 IST" skipped="0">
  <testcase classname="Assignment_RadioButton.radioBtn" name="SeleniumPractise" time="22.178"/>
  <system-out/>
</testsuite> <!-- Assignment_RadioButton.radioBtn -->
