<?xml version="1.0" encoding="UTF-8"?>
<!-- Generated by org.testng.reporters.JUnitReportReporter -->
<testsuite hostname="APL-1GMXB63" failures="0" tests="1" name="JavaScriptExecutor.TestScrollBy" time="16.784" errors="0" timestamp="2023-05-19T17:21:15 IST" skipped="0">
  <testcase classname="JavaScriptExecutor.TestScrollBy" name="test" time="16.784"/>
  <system-out/>
</testsuite> <!-- JavaScriptExecutor.TestScrollBy -->
