<?xml version="1.0" encoding="UTF-8"?>
<!-- Generated by org.testng.reporters.JUnitReportReporter -->
<testsuite hostname="APL-1GMXB63" failures="0" tests="2" name="Assignment_CheckboxandRadiobtn.Assignment_Radiobtn" time="23.081" errors="0" timestamp="2023-05-22T10:08:50 IST" skipped="0">
  <testcase classname="Assignment_CheckboxandRadiobtn.Assignment_Radiobtn" name="radioButtonList" time="6.217"/>
  <system-out/>
  <testcase classname="Assignment_CheckboxandRadiobtn.Assignment_Radiobtn" name="checkboxlist" time="16.864"/>
  <system-out/>
</testsuite> <!-- Assignment_CheckboxandRadiobtn.Assignment_Radiobtn -->
